Build started 08/08/2024 11:46:32 SA.
     1>Project "D:\ff\Chuong4_KTLT_P1\Chuong4_KTLT_P1\Chuong4_KTLT_P1.vcxproj" on node 2 (Build target(s)).
     1>ClCompile:
         C:\Program Files (x86)\Microsoft Visual Studio 12.0\VC\bin\CL.exe /c /ZI /nologo /W3 /WX- /sdl /Od /Oy- /D WIN32 /D _DEBUG /D _CONSOLE /D _LIB /D _UNICODE /D UNICODE /Gm /EHsc /RTC1 /MDd /GS /fp:precise /Zc:wchar_t /Zc:forScope /Fo"Debug\\" /Fd"Debug\vc120.pdb" /Gd /TP /analyze- /errorReport:prompt Bai8.cpp Bai9.cpp
         Bai9.cpp
         Bai8.cpp
         Generating Code...
       Link:
         C:\Program Files (x86)\Microsoft Visual Studio 12.0\VC\bin\link.exe /ERRORREPORT:PROMPT /OUT:"D:\ff\Chuong4_KTLT_P1\Debug\Chuong4_KTLT_P1.exe" /INCREMENTAL /NOLOGO kernel32.lib user32.lib gdi32.lib winspool.lib comdlg32.lib advapi32.lib shell32.lib ole32.lib oleaut32.lib uuid.lib odbc32.lib odbccp32.lib /MANIFEST /MANIFESTUAC:"level='asInvoker' uiAccess='false'" /manifest:embed /DEBUG /PDB:"D:\ff\Chuong4_KTLT_P1\Debug\Chuong4_KTLT_P1.pdb" /SUBSYSTEM:CONSOLE /TLBID:1 /DYNAMICBASE /NXCOMPAT /IMPLIB:"D:\ff\Chuong4_KTLT_P1\Debug\Chuong4_KTLT_P1.lib" /MACHINE:X86 Debug\Bai1.obj
         Debug\Bai2.obj
         Debug\Bai3.obj
         Debug\Bai4.obj
         Debug\Bai5.obj
         Debug\Bai6.obj
         Debug\Bai7.obj
         Debug\Bai8.obj
         Debug\Bai9.obj
         Chuong4_KTLT_P1.vcxproj -> D:\ff\Chuong4_KTLT_P1\Debug\Chuong4_KTLT_P1.exe
     1>Done Building Project "D:\ff\Chuong4_KTLT_P1\Chuong4_KTLT_P1\Chuong4_KTLT_P1.vcxproj" (Build target(s)).

Build succeeded.

Time Elapsed 00:00:00.76
